<?xml version="1.0" encoding="utf-8"?><testsuites name="pytest tests"><testsuite name="pytest" errors="0" failures="0" skipped="0" tests="5" time="3.466" timestamp="2026-07-16T15:14:03.449578+00:00" hostname="agent-env-f95f6f08-6934-40a8-a99f-7bbbc8469663"><testcase classname="backend.tests.test_collection" name="test_add_returns_parsed_number_int_and_total" time="0.676" /><testcase classname="backend.tests.test_collection" name="test_add_is_idempotent_and_updates_price" time="0.635" /><testcase classname="backend.tests.test_collection" name="test_get_summary_structure_and_sorting" time="0.813" /><testcase classname="backend.tests.test_collection" name="test_empty_collection_returns_zero_summary" time="0.325" /><testcase classname="backend.tests.test_collection" name="test_delete_single_item_and_delete_all" time="0.962" /></testsuite></testsuites>