<?xml version="1.0" encoding="utf-8"?><testsuites name="pytest tests"><testsuite name="pytest" errors="0" failures="1" skipped="0" tests="19" time="68.153" timestamp="2026-07-31T00:36:44.936001+00:00" hostname="agent-env-f95f6f08-6934-40a8-a99f-7bbbc8469663"><testcase classname="backend.tests.backend_test" name="test_health" time="0.177" /><testcase classname="backend.tests.backend_test" name="test_root" time="0.122" /><testcase classname="backend.tests.backend_test" name="test_scan_pikachu" time="12.355"><failure message="AssertionError: image_url missing: None&#10;assert (None)&#10; +  where None = &lt;built-in method get of dict object at 0xfe30ac616440&gt;('image_url')&#10; +    where &lt;built-in method get of dict object at 0xfe30ac616440&gt; = {'id': '92b606b7-77e2-42f2-8d3c-772aa0ab9544', 'identified': True, 'name': 'Pikachu', 'set_name': 'Base Set', ...}.get">backend/tests/backend_test.py:43: in test_scan_pikachu
    assert j.get("image_url") and j["image_url"].startswith("http"), f"image_url missing: {j.get('image_url')}"
E   AssertionError: image_url missing: None
E   assert (None)
E    +  where None = &lt;built-in method get of dict object at 0xfe30ac616440&gt;('image_url')
E    +    where &lt;built-in method get of dict object at 0xfe30ac616440&gt; = {'id': '92b606b7-77e2-42f2-8d3c-772aa0ab9544', 'identified': True, 'name': 'Pikachu', 'set_name': 'Base Set', ...}.get</failure></testcase><testcase classname="backend.tests.backend_test" name="test_scan_non_card" time="2.363" /><testcase classname="backend.tests.backend_test" name="test_scan_blurry_low_quality" time="6.247" /><testcase classname="backend.tests.backend_test" name="test_history_and_clear" time="0.375" /><testcase classname="backend.tests.backend_test" name="test_transcribe" time="2.015" /><testcase classname="backend.tests.backend_test" name="test_voice_chat_with_context" time="3.337" /><testcase classname="backend.tests.backend_test" name="test_voice_chat_empty_context" time="3.708" /><testcase classname="backend.tests.perf_test" name="test_scan_latency" time="19.615" /><testcase classname="backend.tests.test_collection" name="test_add_returns_parsed_number_int_and_total" time="0.330" /><testcase classname="backend.tests.test_collection" name="test_add_is_idempotent_and_updates_price" time="0.590" /><testcase classname="backend.tests.test_collection" name="test_get_summary_structure_and_sorting" time="0.632" /><testcase classname="backend.tests.test_collection" name="test_empty_collection_returns_zero_summary" time="0.196" /><testcase classname="backend.tests.test_collection" name="test_delete_single_item_and_delete_all" time="0.696" /><testcase classname="backend.tests.test_graded_and_grade" name="test_graded_prices_charizard_base_shape_and_chase_price" time="3.698" /><testcase classname="backend.tests.test_graded_and_grade" name="test_graded_prices_minimal_payload_still_ok" time="5.239" /><testcase classname="backend.tests.test_graded_and_grade" name="test_grade_estimate_pikachu_image" time="6.110" /><testcase classname="backend.tests.test_graded_and_grade" name="test_grade_estimate_bad_payload" time="0.267" /></testsuite></testsuites>