<?xml version="1.0" encoding="utf-8"?><testsuites name="pytest tests"><testsuite name="pytest" errors="0" failures="0" skipped="0" tests="18" time="59.456" timestamp="2026-07-31T00:28:24.889046+00:00" hostname="agent-env-f95f6f08-6934-40a8-a99f-7bbbc8469663"><testcase classname="backend.tests.backend_test" name="test_health" time="0.258" /><testcase classname="backend.tests.backend_test" name="test_root" time="0.140" /><testcase classname="backend.tests.backend_test" name="test_scan_pikachu" time="5.294" /><testcase classname="backend.tests.backend_test" name="test_scan_non_card" time="3.308" /><testcase classname="backend.tests.backend_test" name="test_scan_blurry_low_quality" time="28.857" /><testcase classname="backend.tests.backend_test" name="test_history_and_clear" time="0.434" /><testcase classname="backend.tests.backend_test" name="test_transcribe" time="0.644" /><testcase classname="backend.tests.backend_test" name="test_voice_chat_with_context" time="3.667" /><testcase classname="backend.tests.backend_test" name="test_voice_chat_empty_context" time="3.716" /><testcase classname="backend.tests.test_collection" name="test_add_returns_parsed_number_int_and_total" time="0.331" /><testcase classname="backend.tests.test_collection" name="test_add_is_idempotent_and_updates_price" time="0.601" /><testcase classname="backend.tests.test_collection" name="test_get_summary_structure_and_sorting" time="0.598" /><testcase classname="backend.tests.test_collection" name="test_empty_collection_returns_zero_summary" time="0.216" /><testcase classname="backend.tests.test_collection" name="test_delete_single_item_and_delete_all" time="0.737" /><testcase classname="backend.tests.test_graded_and_grade" name="test_graded_prices_charizard_base_shape_and_chase_price" time="3.355" /><testcase classname="backend.tests.test_graded_and_grade" name="test_graded_prices_minimal_payload_still_ok" time="3.083" /><testcase classname="backend.tests.test_graded_and_grade" name="test_grade_estimate_pikachu_image" time="3.793" /><testcase classname="backend.tests.test_graded_and_grade" name="test_grade_estimate_bad_payload" time="0.319" /></testsuite></testsuites>