<?xml version="1.0" encoding="utf-8"?><testsuites name="pytest tests"><testsuite name="pytest" errors="0" failures="0" skipped="0" tests="2" time="41.642" timestamp="2026-07-31T01:35:44.018359+00:00" hostname="agent-env-f95f6f08-6934-40a8-a99f-7bbbc8469663"><testcase classname="backend.tests.test_iter21_image_reliability" name="test_pikachu_image_reliability_5x" time="39.532" /><testcase classname="backend.tests.test_iter21_image_reliability" name="test_non_card_graceful_iter21" time="2.059" /></testsuite></testsuites>