<?xml version="1.0" encoding="utf-8"?><testsuites name="pytest tests"><testsuite name="pytest" errors="0" failures="0" skipped="0" tests="20" time="53.638" timestamp="2026-07-31T00:49:38.474396+00:00" hostname="agent-env-f95f6f08-6934-40a8-a99f-7bbbc8469663"><testcase classname="backend.tests.backend_test" name="test_health" time="0.148" /><testcase classname="backend.tests.backend_test" name="test_root" time="0.140" /><testcase classname="backend.tests.backend_test" name="test_scan_pikachu" time="5.828" /><testcase classname="backend.tests.backend_test" name="test_scan_non_card" time="2.642" /><testcase classname="backend.tests.backend_test" name="test_scan_blurry_low_quality" time="11.218" /><testcase classname="backend.tests.backend_test" name="test_history_and_clear" time="0.421" /><testcase classname="backend.tests.backend_test" name="test_transcribe" time="0.673" /><testcase classname="backend.tests.backend_test" name="test_voice_chat_with_context" time="3.569" /><testcase classname="backend.tests.backend_test" name="test_voice_chat_empty_context" time="4.617" /><testcase classname="backend.tests.test_iter16_non_strict" name="test_non_strict_closest_match" time="8.338" /><testcase classname="backend.tests.test_iter16_non_strict" name="test_non_strict_shape_via_gibberish_name" time="1.884" /><testcase classname="backend.tests.test_collection" name="test_add_returns_parsed_number_int_and_total" time="0.326" /><testcase classname="backend.tests.test_collection" name="test_add_is_idempotent_and_updates_price" time="0.509" /><testcase classname="backend.tests.test_collection" name="test_get_summary_structure_and_sorting" time="0.700" /><testcase classname="backend.tests.test_collection" name="test_empty_collection_returns_zero_summary" time="0.186" /><testcase classname="backend.tests.test_collection" name="test_delete_single_item_and_delete_all" time="0.670" /><testcase classname="backend.tests.test_graded_and_grade" name="test_graded_prices_charizard_base_shape_and_chase_price" time="3.211" /><testcase classname="backend.tests.test_graded_and_grade" name="test_graded_prices_minimal_payload_still_ok" time="2.502" /><testcase classname="backend.tests.test_graded_and_grade" name="test_grade_estimate_pikachu_image" time="5.754" /><testcase classname="backend.tests.test_graded_and_grade" name="test_grade_estimate_bad_payload" time="0.216" /></testsuite></testsuites>