<?xml version="1.0" encoding="utf-8"?><testsuites name="pytest tests"><testsuite name="pytest" errors="0" failures="0" skipped="0" tests="9" time="81.685" timestamp="2026-07-16T16:51:58.561594+00:00" hostname="agent-env-f95f6f08-6934-40a8-a99f-7bbbc8469663"><testcase classname="backend.tests.backend_test" name="test_health" time="0.261" /><testcase classname="backend.tests.backend_test" name="test_root" time="0.170" /><testcase classname="backend.tests.backend_test" name="test_scan_pikachu" time="14.573" /><testcase classname="backend.tests.backend_test" name="test_scan_non_card" time="2.626" /><testcase classname="backend.tests.backend_test" name="test_scan_blurry_low_quality" time="48.626" /><testcase classname="backend.tests.backend_test" name="test_history_and_clear" time="0.583" /><testcase classname="backend.tests.backend_test" name="test_transcribe" time="1.584" /><testcase classname="backend.tests.backend_test" name="test_voice_chat_with_context" time="6.325" /><testcase classname="backend.tests.backend_test" name="test_voice_chat_empty_context" time="6.884" /></testsuite></testsuites>