<?xml version="1.0" encoding="utf-8"?><testsuites name="pytest tests"><testsuite name="pytest" errors="0" failures="1" skipped="0" tests="26" time="115.787" timestamp="2026-07-31T13:17:52.517778+00:00" hostname="agent-env-f95f6f08-6934-40a8-a99f-7bbbc8469663"><testcase classname="backend.tests.backend_test" name="test_health" time="0.205" /><testcase classname="backend.tests.backend_test" name="test_root" time="0.099" /><testcase classname="backend.tests.backend_test" name="test_scan_pikachu" time="5.538" /><testcase classname="backend.tests.backend_test" name="test_scan_non_card" time="3.395" /><testcase classname="backend.tests.backend_test" name="test_scan_blurry_low_quality" time="3.987" /><testcase classname="backend.tests.backend_test" name="test_history_and_clear" time="0.390" /><testcase classname="backend.tests.backend_test" name="test_transcribe" time="1.171" /><testcase classname="backend.tests.backend_test" name="test_voice_chat_with_context" time="4.789" /><testcase classname="backend.tests.backend_test" name="test_voice_chat_empty_context" time="6.933" /><testcase classname="backend.tests.test_collection" name="test_add_returns_parsed_number_int_and_total" time="0.316" /><testcase classname="backend.tests.test_collection" name="test_add_is_idempotent_and_updates_price" time="0.560" /><testcase classname="backend.tests.test_collection" name="test_get_summary_structure_and_sorting" time="0.662" /><testcase classname="backend.tests.test_collection" name="test_empty_collection_returns_zero_summary" time="0.262" /><testcase classname="backend.tests.test_collection" name="test_delete_single_item_and_delete_all" time="0.738" /><testcase classname="backend.tests.test_graded_and_grade" name="test_graded_prices_charizard_base_shape_and_chase_price" time="4.696" /><testcase classname="backend.tests.test_graded_and_grade" name="test_graded_prices_minimal_payload_still_ok" time="4.030" /><testcase classname="backend.tests.test_graded_and_grade" name="test_grade_estimate_pikachu_image" time="4.802" /><testcase classname="backend.tests.test_graded_and_grade" name="test_grade_estimate_bad_payload" time="0.394" /><testcase classname="backend.tests.test_iter16_non_strict" name="test_non_strict_trusts_vision_no_price" time="6.144" /><testcase classname="backend.tests.test_iter16_non_strict" name="test_non_strict_never_returns_empty_cardinfo" time="2.581" /><testcase classname="backend.tests.test_iter21_image_reliability" name="test_pikachu_image_reliability_5x" time="49.492"><failure message="AssertionError: 1/5 calls failed image/price contract: [{'call': 5, 'identified': True, 'name': 'Pikachu', 'number': '058/102', 'image_url': None, 'price_market': 7.12, 'elapsed_s': 9.0}]&#10;assert not [{'call': 5, 'identified': True, 'name': 'Pikachu', 'number': '058/102', ...}]">backend/tests/test_iter21_image_reliability.py:66: in test_pikachu_image_reliability_5x
    assert not failures, f"{len(failures)}/5 calls failed image/price contract: {failures}"
E   AssertionError: 1/5 calls failed image/price contract: [{'call': 5, 'identified': True, 'name': 'Pikachu', 'number': '058/102', 'image_url': None, 'price_market': 7.12, 'elapsed_s': 9.0}]
E   assert not [{'call': 5, 'identified': True, 'name': 'Pikachu', 'number': '058/102', ...}]</failure></testcase><testcase classname="backend.tests.test_iter21_image_reliability" name="test_non_card_graceful_iter21" time="3.037" /><testcase classname="backend.tests.test_iter22_candidate_and_batch" name="test_pick_candidate_pikachu_base_58" time="1.573" /><testcase classname="backend.tests.test_iter22_candidate_and_batch" name="test_pick_candidate_unknown_returns_404" time="1.159" /><testcase classname="backend.tests.test_iter22_candidate_and_batch" name="test_scan_card_response_has_ambiguous_and_candidates_fields" time="5.542" /><testcase classname="backend.tests.test_iter22_candidate_and_batch" name="test_scan_card_non_card_still_has_new_fields" time="3.128" /></testsuite></testsuites>