<?xml version="1.0" encoding="utf-8"?><testsuites name="pytest tests"><testsuite name="pytest" errors="0" failures="0" skipped="1" tests="6" time="17.657" timestamp="2026-08-05T14:25:21.835378+00:00" hostname="agent-env-f95f6f08-6934-40a8-a99f-7bbbc8469663"><testcase classname="backend.tests.test_iter23_approximate" name="test_fetch_price_and_meta_charizard_no_number_non_strict" time="2.446" /><testcase classname="backend.tests.test_iter23_approximate" name="test_best_variant_price_prefers_priced_variants_charizard" time="0.000" /><testcase classname="backend.tests.test_iter23_approximate" name="test_best_variant_price_all_no_price_returns_none" time="0.000" /><testcase classname="backend.tests.test_iter23_approximate" name="test_regression_scan_pikachu_strict" time="10.013" /><testcase classname="backend.tests.test_iter23_approximate" name="test_regression_pick_endpoint" time="1.028" /><testcase classname="backend.tests.test_iter23_approximate" name="test_api_non_strict_via_low_res_image" time="4.110"><skipped type="pytest.skip" message="Vision read number cleanly → strict path taken. price_source=JustTCG · pokemon · Normal">/app/backend/tests/test_iter23_approximate.py:148: Vision read number cleanly → strict path taken. price_source=JustTCG · pokemon · Normal</skipped></testcase></testsuite></testsuites>