<?xml version="1.0" encoding="utf-8"?><testsuites name="pytest tests"><testsuite name="pytest" errors="0" failures="0" skipped="0" tests="4" time="15.166" timestamp="2026-07-16T16:33:06.788457+00:00" hostname="agent-env-f95f6f08-6934-40a8-a99f-7bbbc8469663"><testcase classname="backend.tests.test_graded_and_grade" name="test_graded_prices_charizard_base_shape_and_chase_price" time="4.589" /><testcase classname="backend.tests.test_graded_and_grade" name="test_graded_prices_minimal_payload_still_ok" time="3.093" /><testcase classname="backend.tests.test_graded_and_grade" name="test_grade_estimate_pikachu_image" time="7.092" /><testcase classname="backend.tests.test_graded_and_grade" name="test_grade_estimate_bad_payload" time="0.339" /></testsuite></testsuites>