<?xml version="1.0" encoding="utf-8"?><testsuites name="pytest tests"><testsuite name="pytest" errors="0" failures="0" skipped="0" tests="18" time="53.359" timestamp="2026-07-16T16:40:03.232637+00:00" hostname="agent-env-f95f6f08-6934-40a8-a99f-7bbbc8469663"><testcase classname="backend.tests.backend_test" name="test_health" time="0.228" /><testcase classname="backend.tests.backend_test" name="test_root" time="0.112" /><testcase classname="backend.tests.backend_test" name="test_scan_pikachu" time="10.412" /><testcase classname="backend.tests.backend_test" name="test_scan_non_card" time="3.141" /><testcase classname="backend.tests.backend_test" name="test_scan_blurry_low_quality" time="5.217" /><testcase classname="backend.tests.backend_test" name="test_history_and_clear" time="0.424" /><testcase classname="backend.tests.backend_test" name="test_transcribe" time="0.684" /><testcase classname="backend.tests.backend_test" name="test_voice_chat_with_context" time="6.276" /><testcase classname="backend.tests.backend_test" name="test_voice_chat_empty_context" time="9.744" /><testcase classname="backend.tests.test_collection" name="test_add_returns_parsed_number_int_and_total" time="0.394" /><testcase classname="backend.tests.test_collection" name="test_add_is_idempotent_and_updates_price" time="0.629" /><testcase classname="backend.tests.test_collection" name="test_get_summary_structure_and_sorting" time="0.701" /><testcase classname="backend.tests.test_collection" name="test_empty_collection_returns_zero_summary" time="0.253" /><testcase classname="backend.tests.test_collection" name="test_delete_single_item_and_delete_all" time="0.760" /><testcase classname="backend.tests.test_graded_and_grade" name="test_graded_prices_charizard_base_shape_and_chase_price" time="3.883" /><testcase classname="backend.tests.test_graded_and_grade" name="test_graded_prices_minimal_payload_still_ok" time="4.767" /><testcase classname="backend.tests.test_graded_and_grade" name="test_grade_estimate_pikachu_image" time="5.403" /><testcase classname="backend.tests.test_graded_and_grade" name="test_grade_estimate_bad_payload" time="0.273" /></testsuite></testsuites>