<?xml version="1.0" encoding="utf-8"?><testsuites name="pytest tests"><testsuite name="pytest" errors="0" failures="0" skipped="0" tests="14" time="36.990" timestamp="2026-07-16T16:33:26.521173+00:00" hostname="agent-env-f95f6f08-6934-40a8-a99f-7bbbc8469663"><testcase classname="backend.tests.backend_test" name="test_health" time="0.111" /><testcase classname="backend.tests.backend_test" name="test_root" time="0.109" /><testcase classname="backend.tests.backend_test" name="test_scan_pikachu" time="9.585" /><testcase classname="backend.tests.backend_test" name="test_scan_non_card" time="3.325" /><testcase classname="backend.tests.backend_test" name="test_scan_blurry_low_quality" time="5.716" /><testcase classname="backend.tests.backend_test" name="test_history_and_clear" time="0.394" /><testcase classname="backend.tests.backend_test" name="test_transcribe" time="0.727" /><testcase classname="backend.tests.backend_test" name="test_voice_chat_with_context" time="6.566" /><testcase classname="backend.tests.backend_test" name="test_voice_chat_empty_context" time="7.571" /><testcase classname="backend.tests.test_collection" name="test_add_returns_parsed_number_int_and_total" time="0.421" /><testcase classname="backend.tests.test_collection" name="test_add_is_idempotent_and_updates_price" time="0.678" /><testcase classname="backend.tests.test_collection" name="test_get_summary_structure_and_sorting" time="0.739" /><testcase classname="backend.tests.test_collection" name="test_empty_collection_returns_zero_summary" time="0.207" /><testcase classname="backend.tests.test_collection" name="test_delete_single_item_and_delete_all" time="0.783" /></testsuite></testsuites>