<?xml version="1.0" encoding="utf-8"?><testsuites name="pytest tests"><testsuite name="pytest" errors="0" failures="0" skipped="0" tests="9" time="15.672" timestamp="2026-07-16T16:53:25.541506+00:00" hostname="agent-env-f95f6f08-6934-40a8-a99f-7bbbc8469663"><testcase classname="backend.tests.test_collection" name="test_add_returns_parsed_number_int_and_total" time="0.429" /><testcase classname="backend.tests.test_collection" name="test_add_is_idempotent_and_updates_price" time="0.705" /><testcase classname="backend.tests.test_collection" name="test_get_summary_structure_and_sorting" time="0.775" /><testcase classname="backend.tests.test_collection" name="test_empty_collection_returns_zero_summary" time="0.238" /><testcase classname="backend.tests.test_collection" name="test_delete_single_item_and_delete_all" time="0.825" /><testcase classname="backend.tests.test_graded_and_grade" name="test_graded_prices_charizard_base_shape_and_chase_price" time="4.595" /><testcase classname="backend.tests.test_graded_and_grade" name="test_graded_prices_minimal_payload_still_ok" time="4.166" /><testcase classname="backend.tests.test_graded_and_grade" name="test_grade_estimate_pikachu_image" time="3.598" /><testcase classname="backend.tests.test_graded_and_grade" name="test_grade_estimate_bad_payload" time="0.286" /></testsuite></testsuites>