<?xml version="1.0" encoding="utf-8"?><testsuites name="pytest tests"><testsuite name="pytest" errors="0" failures="0" skipped="0" tests="4" time="35.581" timestamp="2026-07-31T13:17:04.161177+00:00" hostname="agent-env-f95f6f08-6934-40a8-a99f-7bbbc8469663"><testcase classname="backend.tests.test_iter22_candidate_and_batch" name="test_pick_candidate_pikachu_base_58" time="1.553" /><testcase classname="backend.tests.test_iter22_candidate_and_batch" name="test_pick_candidate_unknown_returns_404" time="1.039" /><testcase classname="backend.tests.test_iter22_candidate_and_batch" name="test_scan_card_response_has_ambiguous_and_candidates_fields" time="29.940" /><testcase classname="backend.tests.test_iter22_candidate_and_batch" name="test_scan_card_non_card_still_has_new_fields" time="3.000" /></testsuite></testsuites>