<?xml version="1.0" encoding="utf-8"?><testsuites name="pytest tests"><testsuite name="pytest" errors="0" failures="1" skipped="0" tests="20" time="60.124" timestamp="2026-07-31T01:00:04.994480+00:00" hostname="agent-env-f95f6f08-6934-40a8-a99f-7bbbc8469663"><testcase classname="backend.tests.backend_test" name="test_health" time="0.260" /><testcase classname="backend.tests.backend_test" name="test_root" time="0.138" /><testcase classname="backend.tests.backend_test" name="test_scan_pikachu" time="6.426"><failure message="AssertionError: image_url missing: None&#10;assert (None)&#10; +  where None = &lt;built-in method get of dict object at 0xfcd7dbff4c40&gt;('image_url')&#10; +    where &lt;built-in method get of dict object at 0xfcd7dbff4c40&gt; = {'id': '937a5434-cd81-4b2b-9cb5-ada56895d264', 'identified': True, 'name': 'Pikachu', 'set_name': 'Base Set', ...}.get">backend/tests/backend_test.py:43: in test_scan_pikachu
    assert j.get("image_url") and j["image_url"].startswith("http"), f"image_url missing: {j.get('image_url')}"
E   AssertionError: image_url missing: None
E   assert (None)
E    +  where None = &lt;built-in method get of dict object at 0xfcd7dbff4c40&gt;('image_url')
E    +    where &lt;built-in method get of dict object at 0xfcd7dbff4c40&gt; = {'id': '937a5434-cd81-4b2b-9cb5-ada56895d264', 'identified': True, 'name': 'Pikachu', 'set_name': 'Base Set', ...}.get</failure></testcase><testcase classname="backend.tests.backend_test" name="test_scan_non_card" time="2.177" /><testcase classname="backend.tests.backend_test" name="test_scan_blurry_low_quality" time="19.446" /><testcase classname="backend.tests.backend_test" name="test_history_and_clear" time="0.364" /><testcase classname="backend.tests.backend_test" name="test_transcribe" time="0.865" /><testcase classname="backend.tests.backend_test" name="test_voice_chat_with_context" time="3.201" /><testcase classname="backend.tests.backend_test" name="test_voice_chat_empty_context" time="5.039" /><testcase classname="backend.tests.test_iter16_non_strict" name="test_non_strict_trusts_vision_no_price" time="6.535" /><testcase classname="backend.tests.test_iter16_non_strict" name="test_non_strict_never_returns_empty_cardinfo" time="1.661" /><testcase classname="backend.tests.test_collection" name="test_add_returns_parsed_number_int_and_total" time="0.371" /><testcase classname="backend.tests.test_collection" name="test_add_is_idempotent_and_updates_price" time="0.495" /><testcase classname="backend.tests.test_collection" name="test_get_summary_structure_and_sorting" time="0.604" /><testcase classname="backend.tests.test_collection" name="test_empty_collection_returns_zero_summary" time="0.216" /><testcase classname="backend.tests.test_collection" name="test_delete_single_item_and_delete_all" time="0.701" /><testcase classname="backend.tests.test_graded_and_grade" name="test_graded_prices_charizard_base_shape_and_chase_price" time="3.431" /><testcase classname="backend.tests.test_graded_and_grade" name="test_graded_prices_minimal_payload_still_ok" time="3.316" /><testcase classname="backend.tests.test_graded_and_grade" name="test_grade_estimate_pikachu_image" time="4.479" /><testcase classname="backend.tests.test_graded_and_grade" name="test_grade_estimate_bad_payload" time="0.306" /></testsuite></testsuites>