<?xml version="1.0" encoding="utf-8"?><testsuites name="pytest tests"><testsuite name="pytest" errors="0" failures="0" skipped="2" tests="35" time="145.817" timestamp="2026-08-05T14:25:44.669674+00:00" hostname="agent-env-f95f6f08-6934-40a8-a99f-7bbbc8469663"><testcase classname="backend.tests.backend_test" name="test_health" time="0.151" /><testcase classname="backend.tests.backend_test" name="test_root" time="0.129" /><testcase classname="backend.tests.backend_test" name="test_scan_pikachu" time="5.200" /><testcase classname="backend.tests.backend_test" name="test_scan_non_card" time="4.502" /><testcase classname="backend.tests.backend_test" name="test_scan_blurry_low_quality" time="3.059" /><testcase classname="backend.tests.backend_test" name="test_history_and_clear" time="0.411" /><testcase classname="backend.tests.backend_test" name="test_transcribe" time="0.837" /><testcase classname="backend.tests.backend_test" name="test_voice_chat_with_context" time="4.201" /><testcase classname="backend.tests.backend_test" name="test_voice_chat_empty_context" time="13.619" /><testcase classname="backend.tests.test_collection" name="test_add_returns_parsed_number_int_and_total" time="0.414" /><testcase classname="backend.tests.test_collection" name="test_add_is_idempotent_and_updates_price" time="0.641" /><testcase classname="backend.tests.test_collection" name="test_get_summary_structure_and_sorting" time="0.808" /><testcase classname="backend.tests.test_collection" name="test_empty_collection_returns_zero_summary" time="0.259" /><testcase classname="backend.tests.test_collection" name="test_delete_single_item_and_delete_all" time="0.883" /><testcase classname="backend.tests.test_graded_and_grade" name="test_graded_prices_charizard_base_shape_and_chase_price" time="4.425" /><testcase classname="backend.tests.test_graded_and_grade" name="test_graded_prices_minimal_payload_still_ok" time="3.400" /><testcase classname="backend.tests.test_graded_and_grade" name="test_grade_estimate_pikachu_image" time="5.418" /><testcase classname="backend.tests.test_graded_and_grade" name="test_grade_estimate_bad_payload" time="0.304" /><testcase classname="backend.tests.test_iter16_non_strict" name="test_non_strict_trusts_vision_no_price" time="7.777"><skipped type="pytest.skip" message="Vision succeeded at reading number → strict branch. reasoning='Approximate price shown — exact printing not confirmed. Tap a set below to lock the correct printing.' price_source='JustTCG · pokemon · closest match · approximate'">/app/backend/tests/test_iter16_non_strict.py:50: Vision succeeded at reading number → strict branch. reasoning='Approximate price shown — exact printing not confirmed. Tap a set below to lock the correct printing.' price_source='JustTCG · pokemon · closest match · approximate'</skipped></testcase><testcase classname="backend.tests.test_iter16_non_strict" name="test_non_strict_never_returns_empty_cardinfo" time="2.210" /><testcase classname="backend.tests.test_iter20_vision_switch" name="test_pikachu_accuracy_claude" time="5.295" /><testcase classname="backend.tests.test_iter20_vision_switch" name="test_pikachu_repeatability_3x" time="19.080" /><testcase classname="backend.tests.test_iter20_vision_switch" name="test_non_card_graceful" time="2.190" /><testcase classname="backend.tests.test_iter21_image_reliability" name="test_pikachu_image_reliability_5x" time="30.451" /><testcase classname="backend.tests.test_iter21_image_reliability" name="test_non_card_graceful_iter21" time="2.410" /><testcase classname="backend.tests.test_iter22_candidate_and_batch" name="test_pick_candidate_pikachu_base_58" time="0.978" /><testcase classname="backend.tests.test_iter22_candidate_and_batch" name="test_pick_candidate_unknown_returns_404" time="1.318" /><testcase classname="backend.tests.test_iter22_candidate_and_batch" name="test_scan_card_response_has_ambiguous_and_candidates_fields" time="5.896" /><testcase classname="backend.tests.test_iter22_candidate_and_batch" name="test_scan_card_non_card_still_has_new_fields" time="2.184" /><testcase classname="backend.tests.test_iter23_approximate" name="test_fetch_price_and_meta_charizard_no_number_non_strict" time="2.508" /><testcase classname="backend.tests.test_iter23_approximate" name="test_best_variant_price_prefers_priced_variants_charizard" time="0.000" /><testcase classname="backend.tests.test_iter23_approximate" name="test_best_variant_price_all_no_price_returns_none" time="0.000" /><testcase classname="backend.tests.test_iter23_approximate" name="test_regression_scan_pikachu_strict" time="5.693" /><testcase classname="backend.tests.test_iter23_approximate" name="test_regression_pick_endpoint" time="1.071" /><testcase classname="backend.tests.test_iter23_approximate" name="test_api_non_strict_via_low_res_image" time="8.017"><skipped type="pytest.skip" message="Vision read number cleanly → strict path taken. price_source=JustTCG · pokemon · 1st Edition">/app/backend/tests/test_iter23_approximate.py:148: Vision read number cleanly → strict path taken. price_source=JustTCG · pokemon · 1st Edition</skipped></testcase></testsuite></testsuites>