<?xml version="1.0" encoding="utf-8"?><testsuites name="pytest tests"><testsuite name="pytest" errors="0" failures="0" skipped="1" tests="16" time="61.848" timestamp="2026-07-31T01:04:59.924187+00:00" hostname="agent-env-f95f6f08-6934-40a8-a99f-7bbbc8469663"><testcase classname="backend.tests.backend_test" name="test_health" time="0.204" /><testcase classname="backend.tests.backend_test" name="test_root" time="0.098" /><testcase classname="backend.tests.backend_test" name="test_scan_pikachu" time="5.759" /><testcase classname="backend.tests.backend_test" name="test_scan_non_card" time="1.676" /><testcase classname="backend.tests.backend_test" name="test_scan_blurry_low_quality" time="32.767" /><testcase classname="backend.tests.backend_test" name="test_history_and_clear" time="0.355" /><testcase classname="backend.tests.backend_test" name="test_transcribe" time="0.926" /><testcase classname="backend.tests.backend_test" name="test_voice_chat_with_context" time="5.318" /><testcase classname="backend.tests.backend_test" name="test_voice_chat_empty_context" time="4.639" /><testcase classname="backend.tests.test_iter16_non_strict" name="test_non_strict_trusts_vision_no_price" time="6.161"><skipped type="pytest.skip" message="Vision succeeded at reading number → strict branch. reasoning='' price_source='JustTCG · pokemon · Normal'">/app/backend/tests/test_iter16_non_strict.py:50: Vision succeeded at reading number → strict branch. reasoning='' price_source='JustTCG · pokemon · Normal'</skipped></testcase><testcase classname="backend.tests.test_iter16_non_strict" name="test_non_strict_never_returns_empty_cardinfo" time="1.484" /><testcase classname="backend.tests.test_collection" name="test_add_returns_parsed_number_int_and_total" time="0.303" /><testcase classname="backend.tests.test_collection" name="test_add_is_idempotent_and_updates_price" time="0.587" /><testcase classname="backend.tests.test_collection" name="test_get_summary_structure_and_sorting" time="0.578" /><testcase classname="backend.tests.test_collection" name="test_empty_collection_returns_zero_summary" time="0.196" /><testcase classname="backend.tests.test_collection" name="test_delete_single_item_and_delete_all" time="0.727" /></testsuite></testsuites>