<?xml version="1.0" encoding="utf-8"?><testsuites name="pytest tests"><testsuite name="pytest" errors="0" failures="1" skipped="0" tests="16" time="34.071" timestamp="2026-07-31T01:25:30.164885+00:00" hostname="agent-env-f95f6f08-6934-40a8-a99f-7bbbc8469663"><testcase classname="backend.tests.backend_test" name="test_health" time="0.172" /><testcase classname="backend.tests.backend_test" name="test_root" time="0.095" /><testcase classname="backend.tests.backend_test" name="test_scan_pikachu" time="5.455"><failure message="AssertionError: image_url missing: None&#10;assert (None)&#10; +  where None = &lt;built-in method get of dict object at 0xfd547664be00&gt;('image_url')&#10; +    where &lt;built-in method get of dict object at 0xfd547664be00&gt; = {'id': 'a3d2d5c1-e430-462b-86fc-2c574ac1c1e4', 'identified': True, 'name': 'Pikachu', 'set_name': 'Base Set', ...}.get">backend/tests/backend_test.py:43: in test_scan_pikachu
    assert j.get("image_url") and j["image_url"].startswith("http"), f"image_url missing: {j.get('image_url')}"
E   AssertionError: image_url missing: None
E   assert (None)
E    +  where None = &lt;built-in method get of dict object at 0xfd547664be00&gt;('image_url')
E    +    where &lt;built-in method get of dict object at 0xfd547664be00&gt; = {'id': 'a3d2d5c1-e430-462b-86fc-2c574ac1c1e4', 'identified': True, 'name': 'Pikachu', 'set_name': 'Base Set', ...}.get</failure></testcase><testcase classname="backend.tests.backend_test" name="test_scan_non_card" time="2.143" /><testcase classname="backend.tests.backend_test" name="test_scan_blurry_low_quality" time="3.186" /><testcase classname="backend.tests.backend_test" name="test_history_and_clear" time="0.350" /><testcase classname="backend.tests.backend_test" name="test_transcribe" time="1.418" /><testcase classname="backend.tests.backend_test" name="test_voice_chat_with_context" time="4.862" /><testcase classname="backend.tests.backend_test" name="test_voice_chat_empty_context" time="5.635" /><testcase classname="backend.tests.test_collection" name="test_add_returns_parsed_number_int_and_total" time="0.355" /><testcase classname="backend.tests.test_collection" name="test_add_is_idempotent_and_updates_price" time="0.544" /><testcase classname="backend.tests.test_collection" name="test_get_summary_structure_and_sorting" time="0.658" /><testcase classname="backend.tests.test_collection" name="test_empty_collection_returns_zero_summary" time="0.198" /><testcase classname="backend.tests.test_collection" name="test_delete_single_item_and_delete_all" time="0.742" /><testcase classname="backend.tests.test_iter16_non_strict" name="test_non_strict_trusts_vision_no_price" time="5.873" /><testcase classname="backend.tests.test_iter16_non_strict" name="test_non_strict_never_returns_empty_cardinfo" time="2.299" /></testsuite></testsuites>