<?xml version="1.0" encoding="utf-8"?><testsuites name="pytest tests"><testsuite name="pytest" errors="0" failures="0" skipped="0" tests="3" time="26.635" timestamp="2026-07-31T01:24:54.671500+00:00" hostname="agent-env-f95f6f08-6934-40a8-a99f-7bbbc8469663"><testcase classname="backend.tests.test_iter20_vision_switch" name="test_pikachu_accuracy_claude" time="5.562" /><testcase classname="backend.tests.test_iter20_vision_switch" name="test_pikachu_repeatability_3x" time="18.432" /><testcase classname="backend.tests.test_iter20_vision_switch" name="test_non_card_graceful" time="2.589" /></testsuite></testsuites>