<?xml version="1.0" encoding="utf-8"?><testsuites name="pytest tests"><testsuite name="pytest" errors="0" failures="0" skipped="0" tests="20" time="46.343" timestamp="2026-07-31T01:36:30.764905+00:00" hostname="agent-env-f95f6f08-6934-40a8-a99f-7bbbc8469663"><testcase classname="backend.tests.backend_test" name="test_health" time="0.123" /><testcase classname="backend.tests.backend_test" name="test_root" time="0.093" /><testcase classname="backend.tests.backend_test" name="test_scan_pikachu" time="5.839" /><testcase classname="backend.tests.backend_test" name="test_scan_non_card" time="4.387" /><testcase classname="backend.tests.backend_test" name="test_scan_blurry_low_quality" time="2.752" /><testcase classname="backend.tests.backend_test" name="test_history_and_clear" time="0.346" /><testcase classname="backend.tests.backend_test" name="test_transcribe" time="0.848" /><testcase classname="backend.tests.backend_test" name="test_voice_chat_with_context" time="3.180" /><testcase classname="backend.tests.backend_test" name="test_voice_chat_empty_context" time="5.506" /><testcase classname="backend.tests.test_collection" name="test_add_returns_parsed_number_int_and_total" time="0.322" /><testcase classname="backend.tests.test_collection" name="test_add_is_idempotent_and_updates_price" time="0.513" /><testcase classname="backend.tests.test_collection" name="test_get_summary_structure_and_sorting" time="0.598" /><testcase classname="backend.tests.test_collection" name="test_empty_collection_returns_zero_summary" time="0.187" /><testcase classname="backend.tests.test_collection" name="test_delete_single_item_and_delete_all" time="0.715" /><testcase classname="backend.tests.test_graded_and_grade" name="test_graded_prices_charizard_base_shape_and_chase_price" time="3.004" /><testcase classname="backend.tests.test_graded_and_grade" name="test_graded_prices_minimal_payload_still_ok" time="3.825" /><testcase classname="backend.tests.test_graded_and_grade" name="test_grade_estimate_pikachu_image" time="4.667" /><testcase classname="backend.tests.test_graded_and_grade" name="test_grade_estimate_bad_payload" time="0.391" /><testcase classname="backend.tests.test_iter16_non_strict" name="test_non_strict_trusts_vision_no_price" time="7.139" /><testcase classname="backend.tests.test_iter16_non_strict" name="test_non_strict_never_returns_empty_cardinfo" time="1.831" /></testsuite></testsuites>