<?xml version="1.0" encoding="utf-8"?><testsuites name="pytest tests"><testsuite name="pytest" errors="0" failures="0" skipped="0" tests="9" time="25.375" timestamp="2026-07-31T01:13:13.072783+00:00" hostname="agent-env-f95f6f08-6934-40a8-a99f-7bbbc8469663"><testcase classname="backend.tests.backend_test" name="test_health" time="0.199" /><testcase classname="backend.tests.backend_test" name="test_root" time="0.100" /><testcase classname="backend.tests.backend_test" name="test_scan_pikachu" time="6.291" /><testcase classname="backend.tests.backend_test" name="test_scan_non_card" time="2.173" /><testcase classname="backend.tests.backend_test" name="test_scan_blurry_low_quality" time="7.135" /><testcase classname="backend.tests.backend_test" name="test_history_and_clear" time="0.326" /><testcase classname="backend.tests.backend_test" name="test_transcribe" time="1.267" /><testcase classname="backend.tests.backend_test" name="test_voice_chat_with_context" time="3.814" /><testcase classname="backend.tests.backend_test" name="test_voice_chat_empty_context" time="4.014" /></testsuite></testsuites>